<?xml version="1.0" encoding="UTF-8"?>
<testsuite name="EncryptDecryptTest" tests="1" skipped="0" failures="0" errors="0" timestamp="2023-04-13T07:52:46" hostname="KAMIZOLO" time="0.227">
  <properties/>
  <testcase name="start" classname="EncryptDecryptTest" time="0.227"/>
  <system-out><![CDATA[?[1;31m
Start test 1?[0m
Welcome to hyperskill!
\jqhtrj%yt%m~ujwxpnqq&*
?[1;31m
Start test 2?[0m
Hello
Hello*
?[1;31m
Start test 3?[0m
012345678
123456789*
?[1;31m
Start test 4?[0m
\jqhtrj%yt%m~ujwxpnqq&
Welcome to hyperskill!*
?[1;31m
Start test 5?[0m
Hi
Hi*
?[1;31m
Start test 6?[0m
222233334444
111122223333*
?[1;31m
Start test 7?[0m
welcome to hyperskill
bjqhtrj yt mdujwxpnqq*
?[1;31m
Start test 8?[0m
dbokcebo
treasure*
?[1;31m
Start test 9?[0m
qdvdqvrxqwxrxwpvrxspvxiqgdiqarairpbiqqid
cphpchdjcijdjibhdjebhjucspucmdmudbnuccup*
?[1;31m
Start test 10?[0m
i
y*
?[1;31m
Start test 11?[0m
y
i*
]]></system-out>
  <system-err><![CDATA[]]></system-err>
</testsuite>
